[ 2025-11-13 16:44:06,427 ] 13 root - INFO - Starting Data Ingestion Pipeline...
[ 2025-11-13 16:44:06,820 ] 40 root - INFO - MongoDB client initialized successfully 
[ 2025-11-13 16:44:06,820 ] 37 root - INFO - DataIngest class initialized successfully.
[ 2025-11-13 16:44:11,662 ] 73 root - INFO - fetched 11055 documents from KNAS68.NetworkData
[ 2025-11-13 16:44:11,678 ] 45 root - INFO - Successfully fetched 11055 records from MongoDB.
[ 2025-11-13 16:44:11,740 ] 47 root - INFO - Data successfully fetched and saved to feature store
[ 2025-11-13 16:44:11,740 ] 54 root - INFO - Train test split initiation
[ 2025-11-13 16:44:11,806 ] 62 root - INFO - Train data saved to artifacts\Ingest\train.csv
[ 2025-11-13 16:44:11,806 ] 63 root - INFO - Valid data saved to artifacts\Ingest\valid.csv
[ 2025-11-13 16:44:11,806 ] 64 root - INFO - Test data saved to artifacts\Ingest\test.csv
[ 2025-11-13 16:44:11,806 ] 65 root - INFO - Data Split Conpleted
[ 2025-11-13 16:44:11,806 ] 50 root - INFO - All validation directories created successfully.
[ 2025-11-13 16:44:11,832 ] 64 root - INFO - Data schema created at: data_schema\data_schema.yaml
[ 2025-11-13 16:44:11,911 ] 37 root - INFO - Required number of cols:31
[ 2025-11-13 16:44:11,911 ] 38 root - INFO - DataFrame has columns:Index(['having_IP_Address', 'URL_Length', 'Shortining_Service',
       'having_At_Symbol', 'double_slash_redirecting', 'Prefix_Suffix',
       'having_Sub_Domain', 'SSLfinal_State', 'Domain_registeration_length',
       'Favicon', 'port', 'HTTPS_token', 'Request_URL', 'URL_of_Anchor',
       'Links_in_tags', 'SFH', 'Submitting_to_email', 'Abnormal_URL',
       'Redirect', 'on_mouseover', 'RightClick', 'popUpWidnow', 'Iframe',
       'age_of_domain', 'DNSRecord', 'web_traffic', 'Page_Rank',
       'Google_Index', 'Links_pointing_to_page', 'Statistical_report',
       'Result'],
      dtype='object')
[ 2025-11-13 16:44:11,911 ] 37 root - INFO - Required number of cols:31
[ 2025-11-13 16:44:11,911 ] 38 root - INFO - DataFrame has columns:Index(['having_IP_Address', 'URL_Length', 'Shortining_Service',
       'having_At_Symbol', 'double_slash_redirecting', 'Prefix_Suffix',
       'having_Sub_Domain', 'SSLfinal_State', 'Domain_registeration_length',
       'Favicon', 'port', 'HTTPS_token', 'Request_URL', 'URL_of_Anchor',
       'Links_in_tags', 'SFH', 'Submitting_to_email', 'Abnormal_URL',
       'Redirect', 'on_mouseover', 'RightClick', 'popUpWidnow', 'Iframe',
       'age_of_domain', 'DNSRecord', 'web_traffic', 'Page_Rank',
       'Google_Index', 'Links_pointing_to_page', 'Statistical_report',
       'Result'],
      dtype='object')
[ 2025-11-13 16:44:11,911 ] 37 root - INFO - Required number of cols:31
[ 2025-11-13 16:44:11,911 ] 38 root - INFO - DataFrame has columns:Index(['having_IP_Address', 'URL_Length', 'Shortining_Service',
       'having_At_Symbol', 'double_slash_redirecting', 'Prefix_Suffix',
       'having_Sub_Domain', 'SSLfinal_State', 'Domain_registeration_length',
       'Favicon', 'port', 'HTTPS_token', 'Request_URL', 'URL_of_Anchor',
       'Links_in_tags', 'SFH', 'Submitting_to_email', 'Abnormal_URL',
       'Redirect', 'on_mouseover', 'RightClick', 'popUpWidnow', 'Iframe',
       'age_of_domain', 'DNSRecord', 'web_traffic', 'Page_Rank',
       'Google_Index', 'Links_pointing_to_page', 'Statistical_report',
       'Result'],
      dtype='object')
[ 2025-11-13 16:44:11,983 ] 66 root - INFO - Drift report written to: artifacts\validation\drift_report\report.yaml
[ 2025-11-13 16:44:12,038 ] 114 root - INFO - Validated files saved to: artifacts\validation\validated
[ 2025-11-13 16:44:12,038 ] 24 root - INFO - Data ingestion and validation pipeline completed successfully.
[ 2025-11-13 16:44:12,038 ] 29 root - INFO - Starting Data Transformation Pipeline...
[ 2025-11-13 16:44:12,056 ] 40 root - INFO - Loaded train data from artifacts\validation\validated successfully
[ 2025-11-13 16:44:12,056 ] 43 root - INFO - Columns have been split into cat_cols: [] and numeric_cols: ['having_IP_Address', 'URL_Length', 'Shortining_Service', 'having_At_Symbol', 'double_slash_redirecting', 'Prefix_Suffix', 'having_Sub_Domain', 'SSLfinal_State', 'Domain_registeration_length', 'Favicon', 'port', 'HTTPS_token', 'Request_URL', 'URL_of_Anchor', 'Links_in_tags', 'SFH', 'Submitting_to_email', 'Abnormal_URL', 'Redirect', 'on_mouseover', 'RightClick', 'popUpWidnow', 'Iframe', 'age_of_domain', 'DNSRecord', 'web_traffic', 'Page_Rank', 'Google_Index', 'Links_pointing_to_page', 'Statistical_report']
[ 2025-11-13 16:44:12,133 ] 40 root - INFO - Loaded train data from artifacts\validation\validated successfully
[ 2025-11-13 16:44:12,133 ] 43 root - INFO - Columns have been split into cat_cols: [] and numeric_cols: ['having_IP_Address', 'URL_Length', 'Shortining_Service', 'having_At_Symbol', 'double_slash_redirecting', 'Prefix_Suffix', 'having_Sub_Domain', 'SSLfinal_State', 'Domain_registeration_length', 'Favicon', 'port', 'HTTPS_token', 'Request_URL', 'URL_of_Anchor', 'Links_in_tags', 'SFH', 'Submitting_to_email', 'Abnormal_URL', 'Redirect', 'on_mouseover', 'RightClick', 'popUpWidnow', 'Iframe', 'age_of_domain', 'DNSRecord', 'web_traffic', 'Page_Rank', 'Google_Index', 'Links_pointing_to_page', 'Statistical_report']
[ 2025-11-13 16:44:12,133 ] 77 root - INFO - Applying preprocessing object on datasets
[ 2025-11-13 16:44:12,158 ] 39 root - INFO - Loading numpy files from transformed path
[ 2025-11-13 16:44:12,216 ] 44 root - INFO - resplitting the array in to X_train,y_train
[ 2025-11-13 16:49:36,269 ] 17 root - ERROR - Exception type: ValueError
Message: Mixing dicts with non-Series may lead to ambiguous ordering.
Traceback:   File "C:\Users\HP\Desktop\ML Projects\E2Enectsecurity\src\utils\ml_utils\ml_calls.py", line 54, in train_evaluate_model
    model_name:pd.DataFrame(scores).T for model_name,scores in report.items()
               ^^^^^^^^^^^^^^^^^^^^
  File "C:\Users\HP\Desktop\ML Projects\E2Enectsecurity\myenv\Lib\site-packages\pandas\core\frame.py", line 782, in __init__
    mgr = dict_to_mgr(data, index, columns, dtype=dtype, copy=copy, typ=manager)
          ^^^^^^^^^^^^^^^^^^^^^^^^^^^^^^^^^^^^^^^^^^^^^^^^^^^^^^^^^^^^^^^^^^^^^^
  File "C:\Users\HP\Desktop\ML Projects\E2Enectsecurity\myenv\Lib\site-packages\pandas\core\internals\construction.py", line 503, in dict_to_mgr
    return arrays_to_mgr(arrays, columns, index, dtype=dtype, typ=typ, consolidate=copy)
           ^^^^^^^^^^^^^^^^^^^^^^^^^^^^^^^^^^^^^^^^^^^^^^^^^^^^^^^^^^^^^^^^^^^^^^^^^^^^^
  File "C:\Users\HP\Desktop\ML Projects\E2Enectsecurity\myenv\Lib\site-packages\pandas\core\internals\construction.py", line 114, in arrays_to_mgr
    index = _extract_index(arrays)
            ^^^^^^^^^^^^^^^^^^^^^^
  File "C:\Users\HP\Desktop\ML Projects\E2Enectsecurity\myenv\Lib\site-packages\pandas\core\internals\construction.py", line 680, in _extract_index
    raise ValueError(


[ 2025-11-13 16:49:36,270 ] 17 root - ERROR - Exception type: CustomException
Message: Exception type: ValueError
Message: Mixing dicts with non-Series may lead to ambiguous ordering.
Traceback:   File "C:\Users\HP\Desktop\ML Projects\E2Enectsecurity\src\utils\ml_utils\ml_calls.py", line 54, in train_evaluate_model
    model_name:pd.DataFrame(scores).T for model_name,scores in report.items()
               ^^^^^^^^^^^^^^^^^^^^
  File "C:\Users\HP\Desktop\ML Projects\E2Enectsecurity\myenv\Lib\site-packages\pandas\core\frame.py", line 782, in __init__
    mgr = dict_to_mgr(data, index, columns, dtype=dtype, copy=copy, typ=manager)
          ^^^^^^^^^^^^^^^^^^^^^^^^^^^^^^^^^^^^^^^^^^^^^^^^^^^^^^^^^^^^^^^^^^^^^^
  File "C:\Users\HP\Desktop\ML Projects\E2Enectsecurity\myenv\Lib\site-packages\pandas\core\internals\construction.py", line 503, in dict_to_mgr
    return arrays_to_mgr(arrays, columns, index, dtype=dtype, typ=typ, consolidate=copy)
           ^^^^^^^^^^^^^^^^^^^^^^^^^^^^^^^^^^^^^^^^^^^^^^^^^^^^^^^^^^^^^^^^^^^^^^^^^^^^^
  File "C:\Users\HP\Desktop\ML Projects\E2Enectsecurity\myenv\Lib\site-packages\pandas\core\internals\construction.py", line 114, in arrays_to_mgr
    index = _extract_index(arrays)
            ^^^^^^^^^^^^^^^^^^^^^^
  File "C:\Users\HP\Desktop\ML Projects\E2Enectsecurity\myenv\Lib\site-packages\pandas\core\internals\construction.py", line 680, in _extract_index
    raise ValueError(


Traceback:   File "C:\Users\HP\Desktop\ML Projects\E2Enectsecurity\main.py", line 45, in <module>
    best_model_name, best_model_score, best_model = model_trainer.evaluate_train_model()
                                                    ^^^^^^^^^^^^^^^^^^^^^^^^^^^^^^^^^^^^
  File "C:\Users\HP\Desktop\ML Projects\E2Enectsecurity\src\components\model_trainer.py", line 104, in evaluate_train_model
    df=train_evaluate_model(models=models,X_train=X_train,y_train=y_train,
       ^^^^^^^^^^^^^^^^^^^^^^^^^^^^^^^^^^^^^^^^^^^^^^^^^^^^^^^^^^^^^^^^^^^
  File "C:\Users\HP\Desktop\ML Projects\E2Enectsecurity\src\utils\ml_utils\ml_calls.py", line 63, in train_evaluate_model
    raise CustomException(e)


