[ 2025-12-07 14:21:18,524 ] 18 root - INFO - Starting Data Ingestion Pipeline...
[ 2025-12-07 14:21:19,559 ] 40 root - INFO - MongoDB client initialized successfully 
[ 2025-12-07 14:21:19,560 ] 37 root - INFO - DataIngest class initialized successfully.
[ 2025-12-07 14:21:46,966 ] 73 root - INFO - fetched 11055 documents from KNAS68.NetworkData
[ 2025-12-07 14:21:46,976 ] 45 root - INFO - Successfully fetched 11055 records from MongoDB.
[ 2025-12-07 14:21:47,040 ] 47 root - INFO - Data successfully fetched and saved to feature store
[ 2025-12-07 14:21:47,040 ] 54 root - INFO - Train test split initiation
[ 2025-12-07 14:21:47,119 ] 62 root - INFO - Train data saved to artifacts\Ingest\train.csv
[ 2025-12-07 14:21:47,119 ] 63 root - INFO - Valid data saved to artifacts\Ingest\valid.csv
[ 2025-12-07 14:21:47,119 ] 64 root - INFO - Test data saved to artifacts\Ingest\test.csv
[ 2025-12-07 14:21:47,119 ] 65 root - INFO - Data Split Conpleted
[ 2025-12-07 14:21:47,121 ] 50 root - INFO - All validation directories created successfully.
[ 2025-12-07 14:21:47,281 ] 64 root - INFO - Data schema created at: data_schema\data_schema.yaml
[ 2025-12-07 14:21:47,418 ] 37 root - INFO - Required number of cols:31
[ 2025-12-07 14:21:47,418 ] 38 root - INFO - DataFrame has columns:Index(['having_IP_Address', 'URL_Length', 'Shortining_Service',
       'having_At_Symbol', 'double_slash_redirecting', 'Prefix_Suffix',
       'having_Sub_Domain', 'SSLfinal_State', 'Domain_registeration_length',
       'Favicon', 'port', 'HTTPS_token', 'Request_URL', 'URL_of_Anchor',
       'Links_in_tags', 'SFH', 'Submitting_to_email', 'Abnormal_URL',
       'Redirect', 'on_mouseover', 'RightClick', 'popUpWidnow', 'Iframe',
       'age_of_domain', 'DNSRecord', 'web_traffic', 'Page_Rank',
       'Google_Index', 'Links_pointing_to_page', 'Statistical_report',
       'Result'],
      dtype='object')
[ 2025-12-07 14:21:47,420 ] 37 root - INFO - Required number of cols:31
[ 2025-12-07 14:21:47,420 ] 38 root - INFO - DataFrame has columns:Index(['having_IP_Address', 'URL_Length', 'Shortining_Service',
       'having_At_Symbol', 'double_slash_redirecting', 'Prefix_Suffix',
       'having_Sub_Domain', 'SSLfinal_State', 'Domain_registeration_length',
       'Favicon', 'port', 'HTTPS_token', 'Request_URL', 'URL_of_Anchor',
       'Links_in_tags', 'SFH', 'Submitting_to_email', 'Abnormal_URL',
       'Redirect', 'on_mouseover', 'RightClick', 'popUpWidnow', 'Iframe',
       'age_of_domain', 'DNSRecord', 'web_traffic', 'Page_Rank',
       'Google_Index', 'Links_pointing_to_page', 'Statistical_report',
       'Result'],
      dtype='object')
[ 2025-12-07 14:21:47,424 ] 37 root - INFO - Required number of cols:31
[ 2025-12-07 14:21:47,424 ] 38 root - INFO - DataFrame has columns:Index(['having_IP_Address', 'URL_Length', 'Shortining_Service',
       'having_At_Symbol', 'double_slash_redirecting', 'Prefix_Suffix',
       'having_Sub_Domain', 'SSLfinal_State', 'Domain_registeration_length',
       'Favicon', 'port', 'HTTPS_token', 'Request_URL', 'URL_of_Anchor',
       'Links_in_tags', 'SFH', 'Submitting_to_email', 'Abnormal_URL',
       'Redirect', 'on_mouseover', 'RightClick', 'popUpWidnow', 'Iframe',
       'age_of_domain', 'DNSRecord', 'web_traffic', 'Page_Rank',
       'Google_Index', 'Links_pointing_to_page', 'Statistical_report',
       'Result'],
      dtype='object')
[ 2025-12-07 14:21:47,509 ] 66 root - INFO - Drift report written to: artifacts\validation\drift_report\report.yaml
[ 2025-12-07 14:21:47,569 ] 114 root - INFO - Validated files saved to: artifacts\validation\validated
[ 2025-12-07 14:21:47,569 ] 35 root - INFO - Data ingestion and validation pipeline completed successfully.
[ 2025-12-07 14:21:47,569 ] 50 root - INFO - All validation directories created successfully.
[ 2025-12-07 14:21:47,604 ] 64 root - INFO - Data schema created at: data_schema\data_schema.yaml
[ 2025-12-07 14:21:47,634 ] 37 root - INFO - Required number of cols:31
[ 2025-12-07 14:21:47,634 ] 38 root - INFO - DataFrame has columns:Index(['having_IP_Address', 'URL_Length', 'Shortining_Service',
       'having_At_Symbol', 'double_slash_redirecting', 'Prefix_Suffix',
       'having_Sub_Domain', 'SSLfinal_State', 'Domain_registeration_length',
       'Favicon', 'port', 'HTTPS_token', 'Request_URL', 'URL_of_Anchor',
       'Links_in_tags', 'SFH', 'Submitting_to_email', 'Abnormal_URL',
       'Redirect', 'on_mouseover', 'RightClick', 'popUpWidnow', 'Iframe',
       'age_of_domain', 'DNSRecord', 'web_traffic', 'Page_Rank',
       'Google_Index', 'Links_pointing_to_page', 'Statistical_report',
       'Result'],
      dtype='object')
[ 2025-12-07 14:21:47,636 ] 37 root - INFO - Required number of cols:31
[ 2025-12-07 14:21:47,636 ] 38 root - INFO - DataFrame has columns:Index(['having_IP_Address', 'URL_Length', 'Shortining_Service',
       'having_At_Symbol', 'double_slash_redirecting', 'Prefix_Suffix',
       'having_Sub_Domain', 'SSLfinal_State', 'Domain_registeration_length',
       'Favicon', 'port', 'HTTPS_token', 'Request_URL', 'URL_of_Anchor',
       'Links_in_tags', 'SFH', 'Submitting_to_email', 'Abnormal_URL',
       'Redirect', 'on_mouseover', 'RightClick', 'popUpWidnow', 'Iframe',
       'age_of_domain', 'DNSRecord', 'web_traffic', 'Page_Rank',
       'Google_Index', 'Links_pointing_to_page', 'Statistical_report',
       'Result'],
      dtype='object')
[ 2025-12-07 14:21:47,638 ] 37 root - INFO - Required number of cols:31
[ 2025-12-07 14:21:47,638 ] 38 root - INFO - DataFrame has columns:Index(['having_IP_Address', 'URL_Length', 'Shortining_Service',
       'having_At_Symbol', 'double_slash_redirecting', 'Prefix_Suffix',
       'having_Sub_Domain', 'SSLfinal_State', 'Domain_registeration_length',
       'Favicon', 'port', 'HTTPS_token', 'Request_URL', 'URL_of_Anchor',
       'Links_in_tags', 'SFH', 'Submitting_to_email', 'Abnormal_URL',
       'Redirect', 'on_mouseover', 'RightClick', 'popUpWidnow', 'Iframe',
       'age_of_domain', 'DNSRecord', 'web_traffic', 'Page_Rank',
       'Google_Index', 'Links_pointing_to_page', 'Statistical_report',
       'Result'],
      dtype='object')
[ 2025-12-07 14:21:47,770 ] 66 root - INFO - Drift report written to: artifacts\validation\drift_report\report.yaml
[ 2025-12-07 14:21:47,830 ] 114 root - INFO - Validated files saved to: artifacts\validation\validated
[ 2025-12-07 14:21:47,830 ] 35 root - INFO - Data ingestion and validation pipeline completed successfully.
[ 2025-12-07 14:21:47,830 ] 44 root - INFO - Starting Data Transformation Pipeline...
[ 2025-12-07 14:21:47,864 ] 43 root - INFO - Loaded train data from artifacts\validation\validated successfully
[ 2025-12-07 14:21:47,875 ] 46 root - INFO - Columns have been split into cat_cols: [] and numeric_cols: ['having_IP_Address', 'URL_Length', 'Shortining_Service', 'having_At_Symbol', 'double_slash_redirecting', 'Prefix_Suffix', 'having_Sub_Domain', 'SSLfinal_State', 'Domain_registeration_length', 'Favicon', 'port', 'HTTPS_token', 'Request_URL', 'URL_of_Anchor', 'Links_in_tags', 'SFH', 'Submitting_to_email', 'Abnormal_URL', 'Redirect', 'on_mouseover', 'RightClick', 'popUpWidnow', 'Iframe', 'age_of_domain', 'DNSRecord', 'web_traffic', 'Page_Rank', 'Google_Index', 'Links_pointing_to_page', 'Statistical_report']
[ 2025-12-07 14:21:47,955 ] 43 root - INFO - Loaded train data from artifacts\validation\validated successfully
[ 2025-12-07 14:21:47,955 ] 46 root - INFO - Columns have been split into cat_cols: [] and numeric_cols: ['having_IP_Address', 'URL_Length', 'Shortining_Service', 'having_At_Symbol', 'double_slash_redirecting', 'Prefix_Suffix', 'having_Sub_Domain', 'SSLfinal_State', 'Domain_registeration_length', 'Favicon', 'port', 'HTTPS_token', 'Request_URL', 'URL_of_Anchor', 'Links_in_tags', 'SFH', 'Submitting_to_email', 'Abnormal_URL', 'Redirect', 'on_mouseover', 'RightClick', 'popUpWidnow', 'Iframe', 'age_of_domain', 'DNSRecord', 'web_traffic', 'Page_Rank', 'Google_Index', 'Links_pointing_to_page', 'Statistical_report']
[ 2025-12-07 14:21:47,955 ] 80 root - INFO - Applying preprocessing object on datasets
[ 2025-12-07 14:21:47,997 ] 51 root - INFO - Data Transformation Pipeline Completed...
[ 2025-12-07 14:21:47,997 ] 42 root - INFO - Loading numpy files from transformed path
[ 2025-12-07 14:21:48,018 ] 47 root - INFO - resplitting the array in to X_train,y_train
[ 2025-12-07 14:21:48,018 ] 30 root - INFO - Starting GridSearchCV for Random Forest
[ 2025-12-07 14:22:03,078 ] 40 root - INFO - Best parameters for Random Forest: {'max_features': 'log2', 'n_estimators': 32}
[ 2025-12-07 14:22:20,087 ] 30 root - INFO - Starting GridSearchCV for Decision Tree
[ 2025-12-07 14:22:20,773 ] 40 root - INFO - Best parameters for Decision Tree: {'criterion': 'log_loss'}
[ 2025-12-07 14:22:30,267 ] 30 root - INFO - Starting GridSearchCV for Gradient Boosting
[ 2025-12-07 14:23:55,119 ] 40 root - INFO - Best parameters for Gradient Boosting: {'learning_rate': 0.1, 'n_estimators': 256, 'subsample': 0.7}
[ 2025-12-07 14:24:00,166 ] 30 root - INFO - Starting GridSearchCV for Logistic Regression
[ 2025-12-07 14:24:00,472 ] 40 root - INFO - Best parameters for Logistic Regression: {}
[ 2025-12-07 14:24:05,000 ] 30 root - INFO - Starting GridSearchCV for Adaboost
[ 2025-12-07 14:24:21,400 ] 40 root - INFO - Best parameters for Adaboost: {'learning_rate': 0.1, 'n_estimators': 256}
[ 2025-12-07 14:24:26,429 ] 30 root - INFO - Starting GridSearchCV for Xgboost
[ 2025-12-07 14:28:44,156 ] 40 root - INFO - Best parameters for Xgboost: {'booster': 'gbtree', 'learning_rate': 0.1, 'n_estimators': 256}
[ 2025-12-07 14:28:55,121 ] 132 root - INFO - Best model is Random Forest
[ 2025-12-07 14:28:55,129 ] 60 root - INFO - \u2705 Training complete. Best model: Random Forest (F1: 0.9742)
[ 2025-12-07 14:28:55,133 ] 61 root - INFO - \u2705 Training complete. Best model: RandomForestClassifier(max_features='log2', n_estimators=32, verbose=1) )
[ 2025-12-07 14:28:55,134 ] 72 root - INFO - Full pipeline run completed successfully.
