[ 2025-11-13 19:59:18,509 ] 13 root - INFO - Starting Data Ingestion Pipeline...
[ 2025-11-13 19:59:18,974 ] 40 root - INFO - MongoDB client initialized successfully 
[ 2025-11-13 19:59:18,974 ] 37 root - INFO - DataIngest class initialized successfully.
[ 2025-11-13 19:59:27,156 ] 73 root - INFO - fetched 11055 documents from KNAS68.NetworkData
[ 2025-11-13 19:59:27,166 ] 45 root - INFO - Successfully fetched 11055 records from MongoDB.
[ 2025-11-13 19:59:27,219 ] 47 root - INFO - Data successfully fetched and saved to feature store
[ 2025-11-13 19:59:27,219 ] 54 root - INFO - Train test split initiation
[ 2025-11-13 19:59:27,278 ] 62 root - INFO - Train data saved to artifacts\Ingest\train.csv
[ 2025-11-13 19:59:27,278 ] 63 root - INFO - Valid data saved to artifacts\Ingest\valid.csv
[ 2025-11-13 19:59:27,278 ] 64 root - INFO - Test data saved to artifacts\Ingest\test.csv
[ 2025-11-13 19:59:27,278 ] 65 root - INFO - Data Split Conpleted
[ 2025-11-13 19:59:27,280 ] 50 root - INFO - All validation directories created successfully.
[ 2025-11-13 19:59:27,327 ] 64 root - INFO - Data schema created at: data_schema\data_schema.yaml
[ 2025-11-13 19:59:27,404 ] 37 root - INFO - Required number of cols:31
[ 2025-11-13 19:59:27,404 ] 38 root - INFO - DataFrame has columns:Index(['having_IP_Address', 'URL_Length', 'Shortining_Service',
       'having_At_Symbol', 'double_slash_redirecting', 'Prefix_Suffix',
       'having_Sub_Domain', 'SSLfinal_State', 'Domain_registeration_length',
       'Favicon', 'port', 'HTTPS_token', 'Request_URL', 'URL_of_Anchor',
       'Links_in_tags', 'SFH', 'Submitting_to_email', 'Abnormal_URL',
       'Redirect', 'on_mouseover', 'RightClick', 'popUpWidnow', 'Iframe',
       'age_of_domain', 'DNSRecord', 'web_traffic', 'Page_Rank',
       'Google_Index', 'Links_pointing_to_page', 'Statistical_report',
       'Result'],
      dtype='object')
[ 2025-11-13 19:59:27,406 ] 37 root - INFO - Required number of cols:31
[ 2025-11-13 19:59:27,406 ] 38 root - INFO - DataFrame has columns:Index(['having_IP_Address', 'URL_Length', 'Shortining_Service',
       'having_At_Symbol', 'double_slash_redirecting', 'Prefix_Suffix',
       'having_Sub_Domain', 'SSLfinal_State', 'Domain_registeration_length',
       'Favicon', 'port', 'HTTPS_token', 'Request_URL', 'URL_of_Anchor',
       'Links_in_tags', 'SFH', 'Submitting_to_email', 'Abnormal_URL',
       'Redirect', 'on_mouseover', 'RightClick', 'popUpWidnow', 'Iframe',
       'age_of_domain', 'DNSRecord', 'web_traffic', 'Page_Rank',
       'Google_Index', 'Links_pointing_to_page', 'Statistical_report',
       'Result'],
      dtype='object')
[ 2025-11-13 19:59:27,408 ] 37 root - INFO - Required number of cols:31
[ 2025-11-13 19:59:27,408 ] 38 root - INFO - DataFrame has columns:Index(['having_IP_Address', 'URL_Length', 'Shortining_Service',
       'having_At_Symbol', 'double_slash_redirecting', 'Prefix_Suffix',
       'having_Sub_Domain', 'SSLfinal_State', 'Domain_registeration_length',
       'Favicon', 'port', 'HTTPS_token', 'Request_URL', 'URL_of_Anchor',
       'Links_in_tags', 'SFH', 'Submitting_to_email', 'Abnormal_URL',
       'Redirect', 'on_mouseover', 'RightClick', 'popUpWidnow', 'Iframe',
       'age_of_domain', 'DNSRecord', 'web_traffic', 'Page_Rank',
       'Google_Index', 'Links_pointing_to_page', 'Statistical_report',
       'Result'],
      dtype='object')
[ 2025-11-13 19:59:27,479 ] 66 root - INFO - Drift report written to: artifacts\validation\drift_report\report.yaml
[ 2025-11-13 19:59:27,533 ] 114 root - INFO - Validated files saved to: artifacts\validation\validated
[ 2025-11-13 19:59:27,535 ] 24 root - INFO - Data ingestion and validation pipeline completed successfully.
[ 2025-11-13 19:59:27,535 ] 29 root - INFO - Starting Data Transformation Pipeline...
[ 2025-11-13 19:59:27,547 ] 40 root - INFO - Loaded train data from artifacts\validation\validated successfully
[ 2025-11-13 19:59:27,547 ] 43 root - INFO - Columns have been split into cat_cols: [] and numeric_cols: ['having_IP_Address', 'URL_Length', 'Shortining_Service', 'having_At_Symbol', 'double_slash_redirecting', 'Prefix_Suffix', 'having_Sub_Domain', 'SSLfinal_State', 'Domain_registeration_length', 'Favicon', 'port', 'HTTPS_token', 'Request_URL', 'URL_of_Anchor', 'Links_in_tags', 'SFH', 'Submitting_to_email', 'Abnormal_URL', 'Redirect', 'on_mouseover', 'RightClick', 'popUpWidnow', 'Iframe', 'age_of_domain', 'DNSRecord', 'web_traffic', 'Page_Rank', 'Google_Index', 'Links_pointing_to_page', 'Statistical_report']
[ 2025-11-13 19:59:27,624 ] 40 root - INFO - Loaded train data from artifacts\validation\validated successfully
[ 2025-11-13 19:59:27,638 ] 43 root - INFO - Columns have been split into cat_cols: [] and numeric_cols: ['having_IP_Address', 'URL_Length', 'Shortining_Service', 'having_At_Symbol', 'double_slash_redirecting', 'Prefix_Suffix', 'having_Sub_Domain', 'SSLfinal_State', 'Domain_registeration_length', 'Favicon', 'port', 'HTTPS_token', 'Request_URL', 'URL_of_Anchor', 'Links_in_tags', 'SFH', 'Submitting_to_email', 'Abnormal_URL', 'Redirect', 'on_mouseover', 'RightClick', 'popUpWidnow', 'Iframe', 'age_of_domain', 'DNSRecord', 'web_traffic', 'Page_Rank', 'Google_Index', 'Links_pointing_to_page', 'Statistical_report']
[ 2025-11-13 19:59:27,638 ] 77 root - INFO - Applying preprocessing object on datasets
[ 2025-11-13 19:59:27,669 ] 39 root - INFO - Loading numpy files from transformed path
[ 2025-11-13 19:59:27,698 ] 44 root - INFO - resplitting the array in to X_train,y_train
[ 2025-11-13 19:59:27,698 ] 24 root - INFO - Starting GridSearchCV for Random Forest
[ 2025-11-13 19:59:37,361 ] 31 root - INFO - Best parameters for Random Forest: {'max_features': 'log2', 'n_estimators': 64}
[ 2025-11-13 19:59:37,476 ] 24 root - INFO - Starting GridSearchCV for Decision Tree
[ 2025-11-13 19:59:37,724 ] 31 root - INFO - Best parameters for Decision Tree: {'criterion': 'log_loss'}
[ 2025-11-13 19:59:37,738 ] 24 root - INFO - Starting GridSearchCV for Gradient Boosting
[ 2025-11-13 20:00:32,217 ] 31 root - INFO - Best parameters for Gradient Boosting: {'learning_rate': 0.1, 'n_estimators': 256, 'subsample': 0.75}
[ 2025-11-13 20:00:32,284 ] 24 root - INFO - Starting GridSearchCV for Logistic Regression
[ 2025-11-13 20:00:32,502 ] 31 root - INFO - Best parameters for Logistic Regression: {}
[ 2025-11-13 20:00:32,515 ] 24 root - INFO - Starting GridSearchCV for Adaboost
[ 2025-11-13 20:00:46,841 ] 31 root - INFO - Best parameters for Adaboost: {'learning_rate': 0.1, 'n_estimators': 256}
[ 2025-11-13 20:00:47,157 ] 24 root - INFO - Starting GridSearchCV for Xgboost
[ 2025-11-13 20:04:49,636 ] 31 root - INFO - Best parameters for Xgboost: {'booster': 'gbtree', 'learning_rate': 0.1, 'n_estimators': 256}
[ 2025-11-13 20:04:49,729 ] 119 root - INFO - Best model is Random Forest
[ 2025-11-13 20:04:49,731 ] 46 root - INFO - \u2705 Training complete. Best model: Random Forest (F1: 0.9766)
[ 2025-11-13 20:04:49,736 ] 47 root - INFO - \u2705 Training complete. Best model: RandomForestClassifier(verbose=1) )
