[ 2025-11-16 15:46:34,649 ] 1025 httpx - INFO - HTTP Request: POST https://dagshub.com/login/oauth/middleman "HTTP/1.1 200 OK"
[ 2025-11-16 15:46:36,466 ] 1025 httpx - INFO - HTTP Request: POST https://dagshub.com/login/oauth/access_token "HTTP/1.1 200 OK"
[ 2025-11-16 15:46:37,940 ] 1025 httpx - INFO - HTTP Request: GET https://dagshub.com/api/v1/user "HTTP/1.1 200 OK"
[ 2025-11-16 15:46:37,944 ] 107 dagshub - INFO - Accessing as Kwamenas
[ 2025-11-16 15:46:39,901 ] 1025 httpx - INFO - HTTP Request: GET https://dagshub.com/api/v1/repos/Kwamenas/E2Enectsecurity "HTTP/1.1 200 OK"
[ 2025-11-16 15:46:41,312 ] 1025 httpx - INFO - HTTP Request: GET https://dagshub.com/api/v1/user "HTTP/1.1 200 OK"
[ 2025-11-16 15:46:41,316 ] 107 dagshub - INFO - Initialized MLflow to track repo "Kwamenas/E2Enectsecurity"
[ 2025-11-16 15:46:41,318 ] 107 dagshub - INFO - Repository Kwamenas/E2Enectsecurity initialized!
[ 2025-11-16 15:46:43,063 ] 1025 httpx - INFO - HTTP Request: GET https://dagshub.com/api/v1/repos/Kwamenas/E2Enectsecurity "HTTP/1.1 200 OK"
[ 2025-11-16 15:46:43,067 ] 107 dagshub - INFO - Initialized MLflow to track repo "Kwamenas/E2Enectsecurity"
[ 2025-11-16 15:46:43,069 ] 107 dagshub - INFO - Repository Kwamenas/E2Enectsecurity initialized!
[ 2025-11-16 15:46:43,072 ] 13 root - INFO - Starting Data Ingestion Pipeline...
[ 2025-11-16 15:46:43,787 ] 40 root - INFO - MongoDB client initialized successfully 
[ 2025-11-16 15:46:43,788 ] 37 root - INFO - DataIngest class initialized successfully.
[ 2025-11-16 15:46:52,028 ] 73 root - INFO - fetched 11055 documents from KNAS68.NetworkData
[ 2025-11-16 15:46:52,038 ] 45 root - INFO - Successfully fetched 11055 records from MongoDB.
[ 2025-11-16 15:46:52,098 ] 47 root - INFO - Data successfully fetched and saved to feature store
[ 2025-11-16 15:46:52,099 ] 54 root - INFO - Train test split initiation
[ 2025-11-16 15:46:52,167 ] 62 root - INFO - Train data saved to artifacts\Ingest\train.csv
[ 2025-11-16 15:46:52,167 ] 63 root - INFO - Valid data saved to artifacts\Ingest\valid.csv
[ 2025-11-16 15:46:52,167 ] 64 root - INFO - Test data saved to artifacts\Ingest\test.csv
[ 2025-11-16 15:46:52,167 ] 65 root - INFO - Data Split Conpleted
[ 2025-11-16 15:46:52,170 ] 50 root - INFO - All validation directories created successfully.
[ 2025-11-16 15:46:52,213 ] 64 root - INFO - Data schema created at: data_schema\data_schema.yaml
[ 2025-11-16 15:46:52,290 ] 37 root - INFO - Required number of cols:31
[ 2025-11-16 15:46:52,290 ] 38 root - INFO - DataFrame has columns:Index(['having_IP_Address', 'URL_Length', 'Shortining_Service',
       'having_At_Symbol', 'double_slash_redirecting', 'Prefix_Suffix',
       'having_Sub_Domain', 'SSLfinal_State', 'Domain_registeration_length',
       'Favicon', 'port', 'HTTPS_token', 'Request_URL', 'URL_of_Anchor',
       'Links_in_tags', 'SFH', 'Submitting_to_email', 'Abnormal_URL',
       'Redirect', 'on_mouseover', 'RightClick', 'popUpWidnow', 'Iframe',
       'age_of_domain', 'DNSRecord', 'web_traffic', 'Page_Rank',
       'Google_Index', 'Links_pointing_to_page', 'Statistical_report',
       'Result'],
      dtype='object')
[ 2025-11-16 15:46:52,292 ] 37 root - INFO - Required number of cols:31
[ 2025-11-16 15:46:52,292 ] 38 root - INFO - DataFrame has columns:Index(['having_IP_Address', 'URL_Length', 'Shortining_Service',
       'having_At_Symbol', 'double_slash_redirecting', 'Prefix_Suffix',
       'having_Sub_Domain', 'SSLfinal_State', 'Domain_registeration_length',
       'Favicon', 'port', 'HTTPS_token', 'Request_URL', 'URL_of_Anchor',
       'Links_in_tags', 'SFH', 'Submitting_to_email', 'Abnormal_URL',
       'Redirect', 'on_mouseover', 'RightClick', 'popUpWidnow', 'Iframe',
       'age_of_domain', 'DNSRecord', 'web_traffic', 'Page_Rank',
       'Google_Index', 'Links_pointing_to_page', 'Statistical_report',
       'Result'],
      dtype='object')
[ 2025-11-16 15:46:52,294 ] 37 root - INFO - Required number of cols:31
[ 2025-11-16 15:46:52,294 ] 38 root - INFO - DataFrame has columns:Index(['having_IP_Address', 'URL_Length', 'Shortining_Service',
       'having_At_Symbol', 'double_slash_redirecting', 'Prefix_Suffix',
       'having_Sub_Domain', 'SSLfinal_State', 'Domain_registeration_length',
       'Favicon', 'port', 'HTTPS_token', 'Request_URL', 'URL_of_Anchor',
       'Links_in_tags', 'SFH', 'Submitting_to_email', 'Abnormal_URL',
       'Redirect', 'on_mouseover', 'RightClick', 'popUpWidnow', 'Iframe',
       'age_of_domain', 'DNSRecord', 'web_traffic', 'Page_Rank',
       'Google_Index', 'Links_pointing_to_page', 'Statistical_report',
       'Result'],
      dtype='object')
[ 2025-11-16 15:46:52,367 ] 66 root - INFO - Drift report written to: artifacts\validation\drift_report\report.yaml
[ 2025-11-16 15:46:52,427 ] 114 root - INFO - Validated files saved to: artifacts\validation\validated
[ 2025-11-16 15:46:52,427 ] 24 root - INFO - Data ingestion and validation pipeline completed successfully.
[ 2025-11-16 15:46:52,428 ] 29 root - INFO - Starting Data Transformation Pipeline...
[ 2025-11-16 15:46:52,460 ] 40 root - INFO - Loaded train data from artifacts\validation\validated successfully
[ 2025-11-16 15:46:52,463 ] 43 root - INFO - Columns have been split into cat_cols: [] and numeric_cols: ['having_IP_Address', 'URL_Length', 'Shortining_Service', 'having_At_Symbol', 'double_slash_redirecting', 'Prefix_Suffix', 'having_Sub_Domain', 'SSLfinal_State', 'Domain_registeration_length', 'Favicon', 'port', 'HTTPS_token', 'Request_URL', 'URL_of_Anchor', 'Links_in_tags', 'SFH', 'Submitting_to_email', 'Abnormal_URL', 'Redirect', 'on_mouseover', 'RightClick', 'popUpWidnow', 'Iframe', 'age_of_domain', 'DNSRecord', 'web_traffic', 'Page_Rank', 'Google_Index', 'Links_pointing_to_page', 'Statistical_report']
[ 2025-11-16 15:46:52,542 ] 40 root - INFO - Loaded train data from artifacts\validation\validated successfully
[ 2025-11-16 15:46:52,544 ] 43 root - INFO - Columns have been split into cat_cols: [] and numeric_cols: ['having_IP_Address', 'URL_Length', 'Shortining_Service', 'having_At_Symbol', 'double_slash_redirecting', 'Prefix_Suffix', 'having_Sub_Domain', 'SSLfinal_State', 'Domain_registeration_length', 'Favicon', 'port', 'HTTPS_token', 'Request_URL', 'URL_of_Anchor', 'Links_in_tags', 'SFH', 'Submitting_to_email', 'Abnormal_URL', 'Redirect', 'on_mouseover', 'RightClick', 'popUpWidnow', 'Iframe', 'age_of_domain', 'DNSRecord', 'web_traffic', 'Page_Rank', 'Google_Index', 'Links_pointing_to_page', 'Statistical_report']
[ 2025-11-16 15:46:52,546 ] 77 root - INFO - Applying preprocessing object on datasets
[ 2025-11-16 15:46:52,577 ] 42 root - INFO - Loading numpy files from transformed path
[ 2025-11-16 15:46:52,612 ] 47 root - INFO - resplitting the array in to X_train,y_train
[ 2025-11-16 15:46:52,613 ] 30 root - INFO - Starting GridSearchCV for Random Forest
[ 2025-11-16 15:47:08,412 ] 40 root - INFO - Best parameters for Random Forest: {'max_features': 'log2', 'n_estimators': 64}
[ 2025-11-16 15:47:17,302 ] 17 root - ERROR - Exception type: RestException
Message: INTERNAL_ERROR: Response: {'error': 'unsupported endpoint, please contact support@dagshub.com'}
Traceback:   File "C:\Users\HP\Desktop\ML Projects\E2Enectsecurity\src\utils\ml_utils\ml_calls.py", line 69, in train_evaluate_model
    mlflow.pyfunc.log_model(artifact_path=f"{model_name}_model",python_model=best_model)
  File "C:\Users\HP\Desktop\ML Projects\E2Enectsecurity\myenv\Lib\site-packages\mlflow\tracing\provider.py", line 616, in wrapper
    result = f(*args, **kwargs)
             ^^^^^^^^^^^^^^^^^^
  File "C:\Users\HP\Desktop\ML Projects\E2Enectsecurity\myenv\Lib\site-packages\mlflow\pyfunc\__init__.py", line 3600, in log_model
    return Model.log(
           ^^^^^^^^^^
  File "C:\Users\HP\Desktop\ML Projects\E2Enectsecurity\myenv\Lib\site-packages\mlflow\models\model.py", line 1165, in log
    model = _create_logged_model(
            ^^^^^^^^^^^^^^^^^^^^^
  File "C:\Users\HP\Desktop\ML Projects\E2Enectsecurity\myenv\Lib\site-packages\mlflow\tracking\fluent.py", line 2330, in _create_logged_model
    return MlflowClient()._create_logged_model(
           ^^^^^^^^^^^^^^^^^^^^^^^^^^^^^^^^^^^^
  File "C:\Users\HP\Desktop\ML Projects\E2Enectsecurity\myenv\Lib\site-packages\mlflow\tracking\client.py", line 5500, in _create_logged_model
    return self._tracking_client.create_logged_model(
           ^^^^^^^^^^^^^^^^^^^^^^^^^^^^^^^^^^^^^^^^^^
  File "C:\Users\HP\Desktop\ML Projects\E2Enectsecurity\myenv\Lib\site-packages\mlflow\telemetry\track.py", line 30, in wrapper
    result = func(*args, **kwargs)
             ^^^^^^^^^^^^^^^^^^^^^
  File "C:\Users\HP\Desktop\ML Projects\E2Enectsecurity\myenv\Lib\site-packages\mlflow\tracking\_tracking_service\client.py", line 870, in create_logged_model
    return self.store.create_logged_model(
           ^^^^^^^^^^^^^^^^^^^^^^^^^^^^^^^
  File "C:\Users\HP\Desktop\ML Projects\E2Enectsecurity\myenv\Lib\site-packages\mlflow\store\tracking\rest_store.py", line 932, in create_logged_model
    response_proto = self._call_endpoint(CreateLoggedModel, req_body)
                     ^^^^^^^^^^^^^^^^^^^^^^^^^^^^^^^^^^^^^^^^^^^^^^^^
  File "C:\Users\HP\Desktop\ML Projects\E2Enectsecurity\myenv\Lib\site-packages\mlflow\store\tracking\rest_store.py", line 203, in _call_endpoint
    return call_endpoint(
           ^^^^^^^^^^^^^^
  File "C:\Users\HP\Desktop\ML Projects\E2Enectsecurity\myenv\Lib\site-packages\mlflow\utils\rest_utils.py", line 596, in call_endpoint
    response = verify_rest_response(response, endpoint)
               ^^^^^^^^^^^^^^^^^^^^^^^^^^^^^^^^^^^^^^^^
  File "C:\Users\HP\Desktop\ML Projects\E2Enectsecurity\myenv\Lib\site-packages\mlflow\utils\rest_utils.py", line 315, in verify_rest_response
    raise RestException(json.loads(response.text))


[ 2025-11-16 15:47:17,303 ] 17 root - ERROR - Exception type: CustomException
Message: Exception type: RestException
Message: INTERNAL_ERROR: Response: {'error': 'unsupported endpoint, please contact support@dagshub.com'}
Traceback:   File "C:\Users\HP\Desktop\ML Projects\E2Enectsecurity\src\utils\ml_utils\ml_calls.py", line 69, in train_evaluate_model
    mlflow.pyfunc.log_model(artifact_path=f"{model_name}_model",python_model=best_model)
  File "C:\Users\HP\Desktop\ML Projects\E2Enectsecurity\myenv\Lib\site-packages\mlflow\tracing\provider.py", line 616, in wrapper
    result = f(*args, **kwargs)
             ^^^^^^^^^^^^^^^^^^
  File "C:\Users\HP\Desktop\ML Projects\E2Enectsecurity\myenv\Lib\site-packages\mlflow\pyfunc\__init__.py", line 3600, in log_model
    return Model.log(
           ^^^^^^^^^^
  File "C:\Users\HP\Desktop\ML Projects\E2Enectsecurity\myenv\Lib\site-packages\mlflow\models\model.py", line 1165, in log
    model = _create_logged_model(
            ^^^^^^^^^^^^^^^^^^^^^
  File "C:\Users\HP\Desktop\ML Projects\E2Enectsecurity\myenv\Lib\site-packages\mlflow\tracking\fluent.py", line 2330, in _create_logged_model
    return MlflowClient()._create_logged_model(
           ^^^^^^^^^^^^^^^^^^^^^^^^^^^^^^^^^^^^
  File "C:\Users\HP\Desktop\ML Projects\E2Enectsecurity\myenv\Lib\site-packages\mlflow\tracking\client.py", line 5500, in _create_logged_model
    return self._tracking_client.create_logged_model(
           ^^^^^^^^^^^^^^^^^^^^^^^^^^^^^^^^^^^^^^^^^^
  File "C:\Users\HP\Desktop\ML Projects\E2Enectsecurity\myenv\Lib\site-packages\mlflow\telemetry\track.py", line 30, in wrapper
    result = func(*args, **kwargs)
             ^^^^^^^^^^^^^^^^^^^^^
  File "C:\Users\HP\Desktop\ML Projects\E2Enectsecurity\myenv\Lib\site-packages\mlflow\tracking\_tracking_service\client.py", line 870, in create_logged_model
    return self.store.create_logged_model(
           ^^^^^^^^^^^^^^^^^^^^^^^^^^^^^^^
  File "C:\Users\HP\Desktop\ML Projects\E2Enectsecurity\myenv\Lib\site-packages\mlflow\store\tracking\rest_store.py", line 932, in create_logged_model
    response_proto = self._call_endpoint(CreateLoggedModel, req_body)
                     ^^^^^^^^^^^^^^^^^^^^^^^^^^^^^^^^^^^^^^^^^^^^^^^^
  File "C:\Users\HP\Desktop\ML Projects\E2Enectsecurity\myenv\Lib\site-packages\mlflow\store\tracking\rest_store.py", line 203, in _call_endpoint
    return call_endpoint(
           ^^^^^^^^^^^^^^
  File "C:\Users\HP\Desktop\ML Projects\E2Enectsecurity\myenv\Lib\site-packages\mlflow\utils\rest_utils.py", line 596, in call_endpoint
    response = verify_rest_response(response, endpoint)
               ^^^^^^^^^^^^^^^^^^^^^^^^^^^^^^^^^^^^^^^^
  File "C:\Users\HP\Desktop\ML Projects\E2Enectsecurity\myenv\Lib\site-packages\mlflow\utils\rest_utils.py", line 315, in verify_rest_response
    raise RestException(json.loads(response.text))


Traceback:   File "C:\Users\HP\Desktop\ML Projects\E2Enectsecurity\main.py", line 45, in <module>
    best_model_name, best_model_score, best_model = model_trainer.evaluate_train_model()
                                                    ^^^^^^^^^^^^^^^^^^^^^^^^^^^^^^^^^^^^
  File "C:\Users\HP\Desktop\ML Projects\E2Enectsecurity\src\components\model_trainer.py", line 107, in evaluate_train_model
    df,best_estimators=train_evaluate_model(models=models,X_train=X_train,y_train=y_train,
                       ^^^^^^^^^^^^^^^^^^^^^^^^^^^^^^^^^^^^^^^^^^^^^^^^^^^^^^^^^^^^^^^^^^^
  File "C:\Users\HP\Desktop\ML Projects\E2Enectsecurity\src\utils\ml_utils\ml_calls.py", line 97, in train_evaluate_model
    raise CustomException(e)


