[ 2025-12-26 14:21:46,533 ] 24 root - INFO - Starting Data Ingestion Pipeline...
[ 2025-12-26 14:21:47,461 ] 40 root - INFO - MongoDB client initialized successfully 
[ 2025-12-26 14:21:47,463 ] 37 root - INFO - DataIngest class initialized successfully.
[ 2025-12-26 14:22:05,690 ] 73 root - INFO - fetched 11055 documents from KNAS68.NetworkData
[ 2025-12-26 14:22:05,705 ] 45 root - INFO - Successfully fetched 11055 records from MongoDB.
[ 2025-12-26 14:22:05,754 ] 47 root - INFO - Data successfully fetched and saved to feature store
[ 2025-12-26 14:22:05,754 ] 54 root - INFO - Train test split initiation
[ 2025-12-26 14:22:05,832 ] 62 root - INFO - Train data saved to artifacts\Ingest\train.csv
[ 2025-12-26 14:22:05,832 ] 63 root - INFO - Valid data saved to artifacts\Ingest\valid.csv
[ 2025-12-26 14:22:05,832 ] 64 root - INFO - Test data saved to artifacts\Ingest\test.csv
[ 2025-12-26 14:22:05,832 ] 65 root - INFO - Data Split Conpleted
[ 2025-12-26 14:22:05,832 ] 50 root - INFO - All validation directories created successfully.
[ 2025-12-26 14:22:05,919 ] 64 root - INFO - Data schema created at: data_schema\data_schema.yaml
[ 2025-12-26 14:22:06,006 ] 37 root - INFO - Required number of cols:31
[ 2025-12-26 14:22:06,006 ] 38 root - INFO - DataFrame has columns:Index(['having_IP_Address', 'URL_Length', 'Shortining_Service',
       'having_At_Symbol', 'double_slash_redirecting', 'Prefix_Suffix',
       'having_Sub_Domain', 'SSLfinal_State', 'Domain_registeration_length',
       'Favicon', 'port', 'HTTPS_token', 'Request_URL', 'URL_of_Anchor',
       'Links_in_tags', 'SFH', 'Submitting_to_email', 'Abnormal_URL',
       'Redirect', 'on_mouseover', 'RightClick', 'popUpWidnow', 'Iframe',
       'age_of_domain', 'DNSRecord', 'web_traffic', 'Page_Rank',
       'Google_Index', 'Links_pointing_to_page', 'Statistical_report',
       'Result'],
      dtype='object')
[ 2025-12-26 14:22:06,006 ] 37 root - INFO - Required number of cols:31
[ 2025-12-26 14:22:06,006 ] 38 root - INFO - DataFrame has columns:Index(['having_IP_Address', 'URL_Length', 'Shortining_Service',
       'having_At_Symbol', 'double_slash_redirecting', 'Prefix_Suffix',
       'having_Sub_Domain', 'SSLfinal_State', 'Domain_registeration_length',
       'Favicon', 'port', 'HTTPS_token', 'Request_URL', 'URL_of_Anchor',
       'Links_in_tags', 'SFH', 'Submitting_to_email', 'Abnormal_URL',
       'Redirect', 'on_mouseover', 'RightClick', 'popUpWidnow', 'Iframe',
       'age_of_domain', 'DNSRecord', 'web_traffic', 'Page_Rank',
       'Google_Index', 'Links_pointing_to_page', 'Statistical_report',
       'Result'],
      dtype='object')
[ 2025-12-26 14:22:06,006 ] 37 root - INFO - Required number of cols:31
[ 2025-12-26 14:22:06,006 ] 38 root - INFO - DataFrame has columns:Index(['having_IP_Address', 'URL_Length', 'Shortining_Service',
       'having_At_Symbol', 'double_slash_redirecting', 'Prefix_Suffix',
       'having_Sub_Domain', 'SSLfinal_State', 'Domain_registeration_length',
       'Favicon', 'port', 'HTTPS_token', 'Request_URL', 'URL_of_Anchor',
       'Links_in_tags', 'SFH', 'Submitting_to_email', 'Abnormal_URL',
       'Redirect', 'on_mouseover', 'RightClick', 'popUpWidnow', 'Iframe',
       'age_of_domain', 'DNSRecord', 'web_traffic', 'Page_Rank',
       'Google_Index', 'Links_pointing_to_page', 'Statistical_report',
       'Result'],
      dtype='object')
[ 2025-12-26 14:22:06,155 ] 66 root - INFO - Drift report written to: artifacts\validation\drift_report\report.yaml
[ 2025-12-26 14:22:06,223 ] 114 root - INFO - Validated files saved to: artifacts\validation\validated
[ 2025-12-26 14:22:06,223 ] 41 root - INFO - Data ingestion and validation pipeline completed successfully.
[ 2025-12-26 14:22:06,223 ] 50 root - INFO - All validation directories created successfully.
[ 2025-12-26 14:22:06,272 ] 64 root - INFO - Data schema created at: data_schema\data_schema.yaml
[ 2025-12-26 14:22:06,329 ] 37 root - INFO - Required number of cols:31
[ 2025-12-26 14:22:06,330 ] 38 root - INFO - DataFrame has columns:Index(['having_IP_Address', 'URL_Length', 'Shortining_Service',
       'having_At_Symbol', 'double_slash_redirecting', 'Prefix_Suffix',
       'having_Sub_Domain', 'SSLfinal_State', 'Domain_registeration_length',
       'Favicon', 'port', 'HTTPS_token', 'Request_URL', 'URL_of_Anchor',
       'Links_in_tags', 'SFH', 'Submitting_to_email', 'Abnormal_URL',
       'Redirect', 'on_mouseover', 'RightClick', 'popUpWidnow', 'Iframe',
       'age_of_domain', 'DNSRecord', 'web_traffic', 'Page_Rank',
       'Google_Index', 'Links_pointing_to_page', 'Statistical_report',
       'Result'],
      dtype='object')
[ 2025-12-26 14:22:06,337 ] 37 root - INFO - Required number of cols:31
[ 2025-12-26 14:22:06,337 ] 38 root - INFO - DataFrame has columns:Index(['having_IP_Address', 'URL_Length', 'Shortining_Service',
       'having_At_Symbol', 'double_slash_redirecting', 'Prefix_Suffix',
       'having_Sub_Domain', 'SSLfinal_State', 'Domain_registeration_length',
       'Favicon', 'port', 'HTTPS_token', 'Request_URL', 'URL_of_Anchor',
       'Links_in_tags', 'SFH', 'Submitting_to_email', 'Abnormal_URL',
       'Redirect', 'on_mouseover', 'RightClick', 'popUpWidnow', 'Iframe',
       'age_of_domain', 'DNSRecord', 'web_traffic', 'Page_Rank',
       'Google_Index', 'Links_pointing_to_page', 'Statistical_report',
       'Result'],
      dtype='object')
[ 2025-12-26 14:22:06,342 ] 37 root - INFO - Required number of cols:31
[ 2025-12-26 14:22:06,342 ] 38 root - INFO - DataFrame has columns:Index(['having_IP_Address', 'URL_Length', 'Shortining_Service',
       'having_At_Symbol', 'double_slash_redirecting', 'Prefix_Suffix',
       'having_Sub_Domain', 'SSLfinal_State', 'Domain_registeration_length',
       'Favicon', 'port', 'HTTPS_token', 'Request_URL', 'URL_of_Anchor',
       'Links_in_tags', 'SFH', 'Submitting_to_email', 'Abnormal_URL',
       'Redirect', 'on_mouseover', 'RightClick', 'popUpWidnow', 'Iframe',
       'age_of_domain', 'DNSRecord', 'web_traffic', 'Page_Rank',
       'Google_Index', 'Links_pointing_to_page', 'Statistical_report',
       'Result'],
      dtype='object')
[ 2025-12-26 14:22:06,424 ] 66 root - INFO - Drift report written to: artifacts\validation\drift_report\report.yaml
[ 2025-12-26 14:22:06,504 ] 114 root - INFO - Validated files saved to: artifacts\validation\validated
[ 2025-12-26 14:22:06,504 ] 41 root - INFO - Data ingestion and validation pipeline completed successfully.
[ 2025-12-26 14:22:06,504 ] 50 root - INFO - Starting Data Transformation Pipeline...
[ 2025-12-26 14:22:06,534 ] 43 root - INFO - Loaded train data from artifacts\validation\validated successfully
[ 2025-12-26 14:22:06,534 ] 46 root - INFO - Columns have been split into cat_cols: [] and numeric_cols: ['having_IP_Address', 'URL_Length', 'Shortining_Service', 'having_At_Symbol', 'double_slash_redirecting', 'Prefix_Suffix', 'having_Sub_Domain', 'SSLfinal_State', 'Domain_registeration_length', 'Favicon', 'port', 'HTTPS_token', 'Request_URL', 'URL_of_Anchor', 'Links_in_tags', 'SFH', 'Submitting_to_email', 'Abnormal_URL', 'Redirect', 'on_mouseover', 'RightClick', 'popUpWidnow', 'Iframe', 'age_of_domain', 'DNSRecord', 'web_traffic', 'Page_Rank', 'Google_Index', 'Links_pointing_to_page', 'Statistical_report']
[ 2025-12-26 14:22:06,626 ] 43 root - INFO - Loaded train data from artifacts\validation\validated successfully
[ 2025-12-26 14:22:06,628 ] 46 root - INFO - Columns have been split into cat_cols: [] and numeric_cols: ['having_IP_Address', 'URL_Length', 'Shortining_Service', 'having_At_Symbol', 'double_slash_redirecting', 'Prefix_Suffix', 'having_Sub_Domain', 'SSLfinal_State', 'Domain_registeration_length', 'Favicon', 'port', 'HTTPS_token', 'Request_URL', 'URL_of_Anchor', 'Links_in_tags', 'SFH', 'Submitting_to_email', 'Abnormal_URL', 'Redirect', 'on_mouseover', 'RightClick', 'popUpWidnow', 'Iframe', 'age_of_domain', 'DNSRecord', 'web_traffic', 'Page_Rank', 'Google_Index', 'Links_pointing_to_page', 'Statistical_report']
[ 2025-12-26 14:22:06,631 ] 80 root - INFO - Applying preprocessing object on datasets
[ 2025-12-26 14:22:06,664 ] 57 root - INFO - Data Transformation Pipeline Completed...
[ 2025-12-26 14:22:06,664 ] 42 root - INFO - Loading numpy files from transformed path
[ 2025-12-26 14:22:06,695 ] 47 root - INFO - resplitting the array in to X_train,y_train
[ 2025-12-26 14:22:06,695 ] 30 root - INFO - Starting GridSearchCV for Random Forest
[ 2025-12-26 14:22:25,971 ] 40 root - INFO - Best parameters for Random Forest: {'max_features': 'log2', 'n_estimators': 32}
[ 2025-12-26 14:22:33,764 ] 30 root - INFO - Starting GridSearchCV for Decision Tree
[ 2025-12-26 14:22:34,081 ] 40 root - INFO - Best parameters for Decision Tree: {'criterion': 'log_loss'}
[ 2025-12-26 14:22:39,182 ] 30 root - INFO - Starting GridSearchCV for Gradient Boosting
[ 2025-12-26 14:24:13,047 ] 40 root - INFO - Best parameters for Gradient Boosting: {'learning_rate': 0.1, 'n_estimators': 256, 'subsample': 0.7}
[ 2025-12-26 14:24:18,412 ] 30 root - INFO - Starting GridSearchCV for Logistic Regression
[ 2025-12-26 14:24:18,708 ] 40 root - INFO - Best parameters for Logistic Regression: {}
[ 2025-12-26 14:24:23,775 ] 30 root - INFO - Starting GridSearchCV for Adaboost
[ 2025-12-26 14:24:42,056 ] 40 root - INFO - Best parameters for Adaboost: {'learning_rate': 0.1, 'n_estimators': 256}
[ 2025-12-26 14:24:47,702 ] 30 root - INFO - Starting GridSearchCV for Xgboost
[ 2025-12-26 14:29:34,971 ] 40 root - INFO - Best parameters for Xgboost: {'booster': 'gbtree', 'learning_rate': 0.1, 'n_estimators': 256}
[ 2025-12-26 14:29:46,993 ] 132 root - INFO - Best model is Random Forest
[ 2025-12-26 14:29:46,999 ] 66 root - INFO - \u2705 Training complete. Best model: Random Forest (F1: 0.9788)
[ 2025-12-26 14:29:47,001 ] 67 root - INFO - \u2705 Training complete. Best model: RandomForestClassifier(max_features='log2', n_estimators=32, verbose=1) )
[ 2025-12-26 14:30:34,585 ] 101 root - INFO - Full pipeline run completed successfully.
