[ 2025-11-16 14:42:41,451 ] 13 root - INFO - Starting Data Ingestion Pipeline...
[ 2025-11-16 14:42:41,969 ] 40 root - INFO - MongoDB client initialized successfully 
[ 2025-11-16 14:42:41,972 ] 37 root - INFO - DataIngest class initialized successfully.
[ 2025-11-16 14:44:03,146 ] 73 root - INFO - fetched 11055 documents from KNAS68.NetworkData
[ 2025-11-16 14:44:03,155 ] 45 root - INFO - Successfully fetched 11055 records from MongoDB.
[ 2025-11-16 14:44:03,209 ] 47 root - INFO - Data successfully fetched and saved to feature store
[ 2025-11-16 14:44:03,209 ] 54 root - INFO - Train test split initiation
[ 2025-11-16 14:44:03,274 ] 62 root - INFO - Train data saved to artifacts\Ingest\train.csv
[ 2025-11-16 14:44:03,274 ] 63 root - INFO - Valid data saved to artifacts\Ingest\valid.csv
[ 2025-11-16 14:44:03,274 ] 64 root - INFO - Test data saved to artifacts\Ingest\test.csv
[ 2025-11-16 14:44:03,274 ] 65 root - INFO - Data Split Conpleted
[ 2025-11-16 14:44:03,277 ] 50 root - INFO - All validation directories created successfully.
[ 2025-11-16 14:44:03,318 ] 64 root - INFO - Data schema created at: data_schema\data_schema.yaml
[ 2025-11-16 14:44:03,402 ] 37 root - INFO - Required number of cols:31
[ 2025-11-16 14:44:03,402 ] 38 root - INFO - DataFrame has columns:Index(['having_IP_Address', 'URL_Length', 'Shortining_Service',
       'having_At_Symbol', 'double_slash_redirecting', 'Prefix_Suffix',
       'having_Sub_Domain', 'SSLfinal_State', 'Domain_registeration_length',
       'Favicon', 'port', 'HTTPS_token', 'Request_URL', 'URL_of_Anchor',
       'Links_in_tags', 'SFH', 'Submitting_to_email', 'Abnormal_URL',
       'Redirect', 'on_mouseover', 'RightClick', 'popUpWidnow', 'Iframe',
       'age_of_domain', 'DNSRecord', 'web_traffic', 'Page_Rank',
       'Google_Index', 'Links_pointing_to_page', 'Statistical_report',
       'Result'],
      dtype='object')
[ 2025-11-16 14:44:03,404 ] 37 root - INFO - Required number of cols:31
[ 2025-11-16 14:44:03,404 ] 38 root - INFO - DataFrame has columns:Index(['having_IP_Address', 'URL_Length', 'Shortining_Service',
       'having_At_Symbol', 'double_slash_redirecting', 'Prefix_Suffix',
       'having_Sub_Domain', 'SSLfinal_State', 'Domain_registeration_length',
       'Favicon', 'port', 'HTTPS_token', 'Request_URL', 'URL_of_Anchor',
       'Links_in_tags', 'SFH', 'Submitting_to_email', 'Abnormal_URL',
       'Redirect', 'on_mouseover', 'RightClick', 'popUpWidnow', 'Iframe',
       'age_of_domain', 'DNSRecord', 'web_traffic', 'Page_Rank',
       'Google_Index', 'Links_pointing_to_page', 'Statistical_report',
       'Result'],
      dtype='object')
[ 2025-11-16 14:44:03,406 ] 37 root - INFO - Required number of cols:31
[ 2025-11-16 14:44:03,407 ] 38 root - INFO - DataFrame has columns:Index(['having_IP_Address', 'URL_Length', 'Shortining_Service',
       'having_At_Symbol', 'double_slash_redirecting', 'Prefix_Suffix',
       'having_Sub_Domain', 'SSLfinal_State', 'Domain_registeration_length',
       'Favicon', 'port', 'HTTPS_token', 'Request_URL', 'URL_of_Anchor',
       'Links_in_tags', 'SFH', 'Submitting_to_email', 'Abnormal_URL',
       'Redirect', 'on_mouseover', 'RightClick', 'popUpWidnow', 'Iframe',
       'age_of_domain', 'DNSRecord', 'web_traffic', 'Page_Rank',
       'Google_Index', 'Links_pointing_to_page', 'Statistical_report',
       'Result'],
      dtype='object')
[ 2025-11-16 14:44:03,483 ] 66 root - INFO - Drift report written to: artifacts\validation\drift_report\report.yaml
[ 2025-11-16 14:44:03,539 ] 114 root - INFO - Validated files saved to: artifacts\validation\validated
[ 2025-11-16 14:44:03,540 ] 24 root - INFO - Data ingestion and validation pipeline completed successfully.
[ 2025-11-16 14:44:03,540 ] 29 root - INFO - Starting Data Transformation Pipeline...
[ 2025-11-16 14:44:03,569 ] 40 root - INFO - Loaded train data from artifacts\validation\validated successfully
[ 2025-11-16 14:44:03,571 ] 43 root - INFO - Columns have been split into cat_cols: [] and numeric_cols: ['having_IP_Address', 'URL_Length', 'Shortining_Service', 'having_At_Symbol', 'double_slash_redirecting', 'Prefix_Suffix', 'having_Sub_Domain', 'SSLfinal_State', 'Domain_registeration_length', 'Favicon', 'port', 'HTTPS_token', 'Request_URL', 'URL_of_Anchor', 'Links_in_tags', 'SFH', 'Submitting_to_email', 'Abnormal_URL', 'Redirect', 'on_mouseover', 'RightClick', 'popUpWidnow', 'Iframe', 'age_of_domain', 'DNSRecord', 'web_traffic', 'Page_Rank', 'Google_Index', 'Links_pointing_to_page', 'Statistical_report']
[ 2025-11-16 14:44:03,646 ] 40 root - INFO - Loaded train data from artifacts\validation\validated successfully
[ 2025-11-16 14:44:03,648 ] 43 root - INFO - Columns have been split into cat_cols: [] and numeric_cols: ['having_IP_Address', 'URL_Length', 'Shortining_Service', 'having_At_Symbol', 'double_slash_redirecting', 'Prefix_Suffix', 'having_Sub_Domain', 'SSLfinal_State', 'Domain_registeration_length', 'Favicon', 'port', 'HTTPS_token', 'Request_URL', 'URL_of_Anchor', 'Links_in_tags', 'SFH', 'Submitting_to_email', 'Abnormal_URL', 'Redirect', 'on_mouseover', 'RightClick', 'popUpWidnow', 'Iframe', 'age_of_domain', 'DNSRecord', 'web_traffic', 'Page_Rank', 'Google_Index', 'Links_pointing_to_page', 'Statistical_report']
[ 2025-11-16 14:44:03,650 ] 77 root - INFO - Applying preprocessing object on datasets
[ 2025-11-16 14:44:03,681 ] 40 root - INFO - Loading numpy files from transformed path
[ 2025-11-16 14:44:03,710 ] 45 root - INFO - resplitting the array in to X_train,y_train
[ 2025-11-16 14:44:03,711 ] 28 root - INFO - Starting GridSearchCV for Random Forest
[ 2025-11-16 14:44:17,874 ] 38 root - INFO - Best parameters for Random Forest: {'max_features': 'log2', 'n_estimators': 128}
[ 2025-11-16 14:44:26,177 ] 28 root - INFO - Starting GridSearchCV for Decision Tree
[ 2025-11-16 14:44:26,479 ] 38 root - INFO - Best parameters for Decision Tree: {'criterion': 'entropy'}
[ 2025-11-16 14:44:31,412 ] 28 root - INFO - Starting GridSearchCV for Gradient Boosting
[ 2025-11-16 14:45:38,497 ] 38 root - INFO - Best parameters for Gradient Boosting: {'learning_rate': 0.1, 'n_estimators': 256, 'subsample': 0.85}
[ 2025-11-16 14:45:43,353 ] 28 root - INFO - Starting GridSearchCV for Logistic Regression
[ 2025-11-16 14:45:43,657 ] 38 root - INFO - Best parameters for Logistic Regression: {}
[ 2025-11-16 14:45:48,042 ] 28 root - INFO - Starting GridSearchCV for Adaboost
[ 2025-11-16 14:46:02,996 ] 38 root - INFO - Best parameters for Adaboost: {'learning_rate': 0.1, 'n_estimators': 256}
[ 2025-11-16 14:46:07,971 ] 28 root - INFO - Starting GridSearchCV for Xgboost
[ 2025-11-16 14:49:58,882 ] 38 root - INFO - Best parameters for Xgboost: {'booster': 'gbtree', 'learning_rate': 0.1, 'n_estimators': 256}
[ 2025-11-16 14:50:09,341 ] 130 root - INFO - Best model is Random Forest
[ 2025-11-16 14:50:09,365 ] 46 root - INFO - \u2705 Training complete. Best model: Random Forest (F1: 0.9750)
[ 2025-11-16 14:50:09,374 ] 47 root - INFO - \u2705 Training complete. Best model: RandomForestClassifier(max_features='log2', n_estimators=128, verbose=1) )
